<?xml version="1.0" encoding="UTF-8" ?>
<testsuite tests="17" failures="17" name="com.training.epam.ticketservice.at.TestExecutor" time="3.008" errors="0" skipped="0">
  <properties>
[...]
</properties>
  <testcase classname="allow creating accounts and logging in" name="the admin account exists by default and can be logged in with the correct password" time="0.335">
    <failure message="The service is not running." type="java.lang.AssertionError">java.lang.AssertionError: The service is not running.
	at com.training.epam.ticketservice.at.ProcessUnderTest.verifyProcessIsRunning(ProcessUnderTest.java:92)
	at com.training.epam.ticketservice.at.ProcessUnderTest.run(ProcessUnderTest.java:37)
	at com.training.epam.ticketservice.at.GenericCliProcessStepDefs.applicationStarted(GenericCliProcessStepDefs.java:27)
	at ✽.the application is started(file:///C:/Users/olahb/Desktop/Egyetem/5.félév/java/saját%20fork/epam-deik-java-dev/final/ticket-service-acceptance-tests/src/test/resources/features/accounts.feature:4)
</failure>
  </testcase>
  <testcase classname="allow creating accounts and logging in" name="the admin account can be signed out" time="0.169">
    <failure message="The service is not running." type="java.lang.AssertionError">java.lang.AssertionError: The service is not running.
	at com.training.epam.ticketservice.at.ProcessUnderTest.verifyProcessIsRunning(ProcessUnderTest.java:92)
	at com.training.epam.ticketservice.at.ProcessUnderTest.run(ProcessUnderTest.java:37)
	at com.training.epam.ticketservice.at.GenericCliProcessStepDefs.applicationStarted(GenericCliProcessStepDefs.java:27)
	at ✽.the application is started(file:///C:/Users/olahb/Desktop/Egyetem/5.félév/java/saját%20fork/epam-deik-java-dev/final/ticket-service-acceptance-tests/src/test/resources/features/accounts.feature:4)
</failure>
  </testcase>
  <testcase classname="allow creating accounts and logging in" name="the admin account can not be logged in with incorrect password" time="0.158">
    <failure message="The service is not running." type="java.lang.AssertionError">java.lang.AssertionError: The service is not running.
	at com.training.epam.ticketservice.at.ProcessUnderTest.verifyProcessIsRunning(ProcessUnderTest.java:92)
	at com.training.epam.ticketservice.at.ProcessUnderTest.run(ProcessUnderTest.java:37)
	at com.training.epam.ticketservice.at.GenericCliProcessStepDefs.applicationStarted(GenericCliProcessStepDefs.java:27)
	at ✽.the application is started(file:///C:/Users/olahb/Desktop/Egyetem/5.félév/java/saját%20fork/epam-deik-java-dev/final/ticket-service-acceptance-tests/src/test/resources/features/accounts.feature:4)
</failure>
  </testcase>
  <testcase classname="allows creating movie descriptions" name="an admin user can create and list movies" time="0.171">
    <failure message="The service is not running." type="java.lang.AssertionError">java.lang.AssertionError: The service is not running.
	at com.training.epam.ticketservice.at.ProcessUnderTest.verifyProcessIsRunning(ProcessUnderTest.java:92)
	at com.training.epam.ticketservice.at.ProcessUnderTest.run(ProcessUnderTest.java:37)
	at com.training.epam.ticketservice.at.GenericCliProcessStepDefs.applicationStarted(GenericCliProcessStepDefs.java:27)
	at ✽.the application is started(file:///C:/Users/olahb/Desktop/Egyetem/5.félév/java/saját%20fork/epam-deik-java-dev/final/ticket-service-acceptance-tests/src/test/resources/features/movies.feature:3)
</failure>
  </testcase>
  <testcase classname="allows creating movie descriptions" name="an admin user can update a movie" time="0.157">
    <failure message="The service is not running." type="java.lang.AssertionError">java.lang.AssertionError: The service is not running.
	at com.training.epam.ticketservice.at.ProcessUnderTest.verifyProcessIsRunning(ProcessUnderTest.java:92)
	at com.training.epam.ticketservice.at.ProcessUnderTest.run(ProcessUnderTest.java:37)
	at com.training.epam.ticketservice.at.GenericCliProcessStepDefs.applicationStarted(GenericCliProcessStepDefs.java:27)
	at ✽.the application is started(file:///C:/Users/olahb/Desktop/Egyetem/5.félév/java/saját%20fork/epam-deik-java-dev/final/ticket-service-acceptance-tests/src/test/resources/features/movies.feature:3)
</failure>
  </testcase>
  <testcase classname="allows creating movie descriptions" name="an admin user can delete a movie" time="0.168">
    <failure message="The service is not running." type="java.lang.AssertionError">java.lang.AssertionError: The service is not running.
	at com.training.epam.ticketservice.at.ProcessUnderTest.verifyProcessIsRunning(ProcessUnderTest.java:92)
	at com.training.epam.ticketservice.at.ProcessUnderTest.run(ProcessUnderTest.java:37)
	at com.training.epam.ticketservice.at.GenericCliProcessStepDefs.applicationStarted(GenericCliProcessStepDefs.java:27)
	at ✽.the application is started(file:///C:/Users/olahb/Desktop/Egyetem/5.félév/java/saját%20fork/epam-deik-java-dev/final/ticket-service-acceptance-tests/src/test/resources/features/movies.feature:3)
</failure>
  </testcase>
  <testcase classname="allows creating movie descriptions" name="an unauthenticated user can list movies" time="0.17">
    <failure message="The service is not running." type="java.lang.AssertionError">java.lang.AssertionError: The service is not running.
	at com.training.epam.ticketservice.at.ProcessUnderTest.verifyProcessIsRunning(ProcessUnderTest.java:92)
	at com.training.epam.ticketservice.at.ProcessUnderTest.run(ProcessUnderTest.java:37)
	at com.training.epam.ticketservice.at.GenericCliProcessStepDefs.applicationStarted(GenericCliProcessStepDefs.java:27)
	at ✽.the application is started(file:///C:/Users/olahb/Desktop/Egyetem/5.félév/java/saját%20fork/epam-deik-java-dev/final/ticket-service-acceptance-tests/src/test/resources/features/movies.feature:3)
</failure>
  </testcase>
  <testcase classname="allow creating, reading, updating and deleting rooms where the screenings will happen" name="an admin user can create and list rooms" time="0.169">
    <failure message="The service is not running." type="java.lang.AssertionError">java.lang.AssertionError: The service is not running.
	at com.training.epam.ticketservice.at.ProcessUnderTest.verifyProcessIsRunning(ProcessUnderTest.java:92)
	at com.training.epam.ticketservice.at.ProcessUnderTest.run(ProcessUnderTest.java:37)
	at com.training.epam.ticketservice.at.GenericCliProcessStepDefs.applicationStarted(GenericCliProcessStepDefs.java:27)
	at ✽.the application is started(file:///C:/Users/olahb/Desktop/Egyetem/5.félév/java/saját%20fork/epam-deik-java-dev/final/ticket-service-acceptance-tests/src/test/resources/features/rooms.feature:4)
</failure>
  </testcase>
  <testcase classname="allow creating, reading, updating and deleting rooms where the screenings will happen" name="an admin user can update a room" time="0.158">
    <failure message="The service is not running." type="java.lang.AssertionError">java.lang.AssertionError: The service is not running.
	at com.training.epam.ticketservice.at.ProcessUnderTest.verifyProcessIsRunning(ProcessUnderTest.java:92)
	at com.training.epam.ticketservice.at.ProcessUnderTest.run(ProcessUnderTest.java:37)
	at com.training.epam.ticketservice.at.GenericCliProcessStepDefs.applicationStarted(GenericCliProcessStepDefs.java:27)
	at ✽.the application is started(file:///C:/Users/olahb/Desktop/Egyetem/5.félév/java/saját%20fork/epam-deik-java-dev/final/ticket-service-acceptance-tests/src/test/resources/features/rooms.feature:4)
</failure>
  </testcase>
  <testcase classname="allow creating, reading, updating and deleting rooms where the screenings will happen" name="an admin user can delete a room" time="0.171">
    <failure message="The service is not running." type="java.lang.AssertionError">java.lang.AssertionError: The service is not running.
	at com.training.epam.ticketservice.at.ProcessUnderTest.verifyProcessIsRunning(ProcessUnderTest.java:92)
	at com.training.epam.ticketservice.at.ProcessUnderTest.run(ProcessUnderTest.java:37)
	at com.training.epam.ticketservice.at.GenericCliProcessStepDefs.applicationStarted(GenericCliProcessStepDefs.java:27)
	at ✽.the application is started(file:///C:/Users/olahb/Desktop/Egyetem/5.félév/java/saját%20fork/epam-deik-java-dev/final/ticket-service-acceptance-tests/src/test/resources/features/rooms.feature:4)
</failure>
  </testcase>
  <testcase classname="allow creating, reading, updating and deleting rooms where the screenings will happen" name="an unauthenticated user can list rooms" time="0.17">
    <failure message="The service is not running." type="java.lang.AssertionError">java.lang.AssertionError: The service is not running.
	at com.training.epam.ticketservice.at.ProcessUnderTest.verifyProcessIsRunning(ProcessUnderTest.java:92)
	at com.training.epam.ticketservice.at.ProcessUnderTest.run(ProcessUnderTest.java:37)
	at com.training.epam.ticketservice.at.GenericCliProcessStepDefs.applicationStarted(GenericCliProcessStepDefs.java:27)
	at ✽.the application is started(file:///C:/Users/olahb/Desktop/Egyetem/5.félév/java/saját%20fork/epam-deik-java-dev/final/ticket-service-acceptance-tests/src/test/resources/features/rooms.feature:4)
</failure>
  </testcase>
  <testcase classname="allows creating, deleting and listing screenings" name="The admin user can create and query screenings" time="0.157">
    <failure message="The service is not running." type="java.lang.AssertionError">java.lang.AssertionError: The service is not running.
	at com.training.epam.ticketservice.at.ProcessUnderTest.verifyProcessIsRunning(ProcessUnderTest.java:92)
	at com.training.epam.ticketservice.at.ProcessUnderTest.run(ProcessUnderTest.java:37)
	at com.training.epam.ticketservice.at.GenericCliProcessStepDefs.applicationStarted(GenericCliProcessStepDefs.java:27)
	at ✽.the application is started(file:///C:/Users/olahb/Desktop/Egyetem/5.félév/java/saját%20fork/epam-deik-java-dev/final/ticket-service-acceptance-tests/src/test/resources/features/screenings.feature:3)
</failure>
  </testcase>
  <testcase classname="allows creating, deleting and listing screenings" name="The admin can not create overlapping screenings in the same room" time="0.174">
    <failure message="The service is not running." type="java.lang.AssertionError">java.lang.AssertionError: The service is not running.
	at com.training.epam.ticketservice.at.ProcessUnderTest.verifyProcessIsRunning(ProcessUnderTest.java:92)
	at com.training.epam.ticketservice.at.ProcessUnderTest.run(ProcessUnderTest.java:37)
	at com.training.epam.ticketservice.at.GenericCliProcessStepDefs.applicationStarted(GenericCliProcessStepDefs.java:27)
	at ✽.the application is started(file:///C:/Users/olahb/Desktop/Egyetem/5.félév/java/saját%20fork/epam-deik-java-dev/final/ticket-service-acceptance-tests/src/test/resources/features/screenings.feature:3)
</failure>
  </testcase>
  <testcase classname="allows creating, deleting and listing screenings" name="The admin can create overlapping screenings in different rooms" time="0.171">
    <failure message="The service is not running." type="java.lang.AssertionError">java.lang.AssertionError: The service is not running.
	at com.training.epam.ticketservice.at.ProcessUnderTest.verifyProcessIsRunning(ProcessUnderTest.java:92)
	at com.training.epam.ticketservice.at.ProcessUnderTest.run(ProcessUnderTest.java:37)
	at com.training.epam.ticketservice.at.GenericCliProcessStepDefs.applicationStarted(GenericCliProcessStepDefs.java:27)
	at ✽.the application is started(file:///C:/Users/olahb/Desktop/Egyetem/5.félév/java/saját%20fork/epam-deik-java-dev/final/ticket-service-acceptance-tests/src/test/resources/features/screenings.feature:3)
</failure>
  </testcase>
  <testcase classname="allows creating, deleting and listing screenings" name="The admin can not create screenings during a 10 minute long breaks after another screening in the same room" time="0.169">
    <failure message="The service is not running." type="java.lang.AssertionError">java.lang.AssertionError: The service is not running.
	at com.training.epam.ticketservice.at.ProcessUnderTest.verifyProcessIsRunning(ProcessUnderTest.java:92)
	at com.training.epam.ticketservice.at.ProcessUnderTest.run(ProcessUnderTest.java:37)
	at com.training.epam.ticketservice.at.GenericCliProcessStepDefs.applicationStarted(GenericCliProcessStepDefs.java:27)
	at ✽.the application is started(file:///C:/Users/olahb/Desktop/Egyetem/5.félév/java/saját%20fork/epam-deik-java-dev/final/ticket-service-acceptance-tests/src/test/resources/features/screenings.feature:3)
</failure>
  </testcase>
  <testcase classname="allows creating, deleting and listing screenings" name="The admin can create screenings even if there is a break after a screening in a different room" time="0.17">
    <failure message="The service is not running." type="java.lang.AssertionError">java.lang.AssertionError: The service is not running.
	at com.training.epam.ticketservice.at.ProcessUnderTest.verifyProcessIsRunning(ProcessUnderTest.java:92)
	at com.training.epam.ticketservice.at.ProcessUnderTest.run(ProcessUnderTest.java:37)
	at com.training.epam.ticketservice.at.GenericCliProcessStepDefs.applicationStarted(GenericCliProcessStepDefs.java:27)
	at ✽.the application is started(file:///C:/Users/olahb/Desktop/Egyetem/5.félév/java/saját%20fork/epam-deik-java-dev/final/ticket-service-acceptance-tests/src/test/resources/features/screenings.feature:3)
</failure>
  </testcase>
  <testcase classname="allows creating, deleting and listing screenings" name="The admin user can delete screenings" time="0.171">
    <failure message="The service is not running." type="java.lang.AssertionError">java.lang.AssertionError: The service is not running.
	at com.training.epam.ticketservice.at.ProcessUnderTest.verifyProcessIsRunning(ProcessUnderTest.java:92)
	at com.training.epam.ticketservice.at.ProcessUnderTest.run(ProcessUnderTest.java:37)
	at com.training.epam.ticketservice.at.GenericCliProcessStepDefs.applicationStarted(GenericCliProcessStepDefs.java:27)
	at ✽.the application is started(file:///C:/Users/olahb/Desktop/Egyetem/5.félév/java/saját%20fork/epam-deik-java-dev/final/ticket-service-acceptance-tests/src/test/resources/features/screenings.feature:3)
</failure>
  </testcase>
</testsuite>